<?xml version="1.0" encoding="UTF-8"?>
<testng-results skipped="0" failed="0" ignored="0" total="1" passed="1">
  <reporter-output>
  </reporter-output>
  <suite name="Default suite" duration-ms="17251" started-at="2017-02-17T09:36:43Z" finished-at="2017-02-17T09:37:00Z">
    <groups>
    </groups>
    <test name="Default test" duration-ms="17251" started-at="2017-02-17T09:36:43Z" finished-at="2017-02-17T09:37:00Z">
      <class name="com.test.com.test.automation.Demo">
        <test-method status="PASS" signature="LaunchBrowser()[pri:0, instance:com.test.com.test.automation.Demo@6db9f5a4]" name="LaunchBrowser" is-config="true" duration-ms="8214" started-at="2017-02-17T15:06:43Z" finished-at="2017-02-17T15:06:51Z">
          <reporter-output>
          </reporter-output>
        </test-method> <!-- LaunchBrowser -->
        <test-method status="PASS" signature="form()[pri:0, instance:com.test.com.test.automation.Demo@6db9f5a4]" name="form" duration-ms="7549" started-at="2017-02-17T15:06:51Z" finished-at="2017-02-17T15:06:59Z">
          <reporter-output>
          </reporter-output>
        </test-method> <!-- form -->
        <test-method status="PASS" signature="closeBrowser()[pri:0, instance:com.test.com.test.automation.Demo@6db9f5a4]" name="closeBrowser" is-config="true" duration-ms="1462" started-at="2017-02-17T15:06:59Z" finished-at="2017-02-17T15:07:00Z">
          <reporter-output>
          </reporter-output>
        </test-method> <!-- closeBrowser -->
      </class> <!-- com.test.com.test.automation.Demo -->
    </test> <!-- Default test -->
  </suite> <!-- Default suite -->
</testng-results>
